<?xml version="1.0" encoding="utf-8"?>
<testsuite errors="0" failures="0" name="unittest.suite.TestSuite" tests="1" time="6.730"><testcase classname="rostest.runner.RosTest" name="testsimulation_test" time="6.7295" /><system-out>&lt;![CDATA[
[ROSTEST]setup[/home/malcom/ros-jenkins-pipeline/ros_ws/src/agv_sim/test/simulation_test.test] run_id[45437bee-e4a0-11ef-807b-8ffc7a752797] starting
&amp;#x001B;[1mstarted roslaunch server http://ubuntu:39799/&amp;#x001B;[0m

SUMMARY
========

PARAMETERS
 * /gazebo/enable_ros_network: True
 * /robot_description: &lt;?xml version="1....
 * /robot_state_publisher/publish_frequency: 50.0
 * /rosdistro: noetic
 * /rosversion: 1.17.0
 * /use_sim_time: True

NODES
  /
    gazebo (gazebo_ros/gzserver)
    robot_state_publisher (robot_state_publisher/robot_state_publisher)
    spawn_urdf (gazebo_ros/spawn_model)

[ROSTEST]setup[/home/malcom/ros-jenkins-pipeline/ros_ws/src/agv_sim/test/simulation_test.test] run_id[45437bee-e4a0-11ef-807b-8ffc7a752797] done
[ROSTEST]Running test [simulation_test]
&amp;#x001B;[1mROS_MASTER_URI=http://ubuntu:41949/&amp;#x001B;[0m
&amp;#x001B;[1msetting /run_id to 45437bee-e4a0-11ef-807b-8ffc7a752797&amp;#x001B;[0m
&amp;#x001B;[1mprocess[gazebo-1]: started with pid [19051]&amp;#x001B;[0m
&amp;#x001B;[1mprocess[robot_state_publisher-2]: started with pid [19054]&amp;#x001B;[0m
&amp;#x001B;[1mprocess[spawn_urdf-3]: started with pid [19057]&amp;#x001B;[0m
[ROSTEST]running test simulation_test
&amp;#x001B;[1mprocess[simulation_test-4]: started with pid [19058]&amp;#x001B;[0m
&amp;#x001B;[1m[spawn_urdf-3] process has finished cleanly
log file: /home/malcom/.ros/log/45437bee-e4a0-11ef-807b-8ffc7a752797/spawn_urdf-3*.log&amp;#x001B;[0m
&amp;#x001B;[1m[simulation_test-4] process has finished cleanly
log file: /home/malcom/.ros/log/45437bee-e4a0-11ef-807b-8ffc7a752797/simulation_test-4*.log&amp;#x001B;[0m
[ROSTEST]test [simulation_test] finished
[ROSTEST]test [simulation_test] results are in [/home/malcom/ros-jenkins-pipeline/ros_ws/build/agv_sim/test_results/agv_sim/rosunit-simulation_test.xml]
[ROSTEST]test [simulation_test] results summary: 0 errors, 0 failures, 1 tests
[ROSTEST][ROSTEST] test [simulation_test] done
[ROSTEST]tearDown[/home/malcom/ros-jenkins-pipeline/ros_ws/src/agv_sim/test/simulation_test.test]
shutting down processing monitor...
[robot_state_publisher-2] killing on exit
[gazebo-1] killing on exit
... shutting down processing monitor complete
[ROSTEST]rostest teardown /home/malcom/ros-jenkins-pipeline/ros_ws/src/agv_sim/test/simulation_test.test complete

]]&gt;</system-out><system-err>&lt;![CDATA[

]]&gt;</system-err></testsuite>